<?xml version="1.0" encoding="UTF-8"?>
<!-- Generated by org.testng.reporters.JUnitReportReporter -->
<testsuite skipped="0" hostname="LAPTOP-UHFNO702" name="tests.DashboardTest" tests="1" failures="0" timestamp="2021-03-06T13:27:30 EST" time="0.000" errors="0">
  <testcase name="validateThatTheNetWorthIsCorrect" time="0.000" classname="tests.DashboardTest"/>
  <system-out/>
</testsuite> <!-- tests.DashboardTest -->
