<?xml version="1.0" encoding="UTF-8"?>
<!-- Generated by org.testng.reporters.JUnitReportReporter -->
<testsuite skipped="0" hostname="LAPTOP-UHFNO702" name="tests.LoginTests" tests="1" failures="0" timestamp="2021-03-06T14:50:25 EST" time="10.467" errors="0">
  <testcase name="userWithInvalidCredentialsShouldNotBeAbleToLogIn" time="10.467" classname="tests.LoginTests"/>
  <system-out/>
</testsuite> <!-- tests.LoginTests -->
