<?xml version="1.0" encoding="UTF-8"?>
<!-- Generated by org.testng.reporters.JUnitReportReporter -->
<testsuite skipped="0" hostname="LAPTOP-UHFNO702" name="tests.GroupsTest" tests="1" failures="0" timestamp="2021-03-06T15:48:10 EST" time="0.001" errors="0">
  <testcase name="validateThatTheCorrectGroupsAreAdded" time="0.001" classname="tests.GroupsTest"/>
  <system-out/>
</testsuite> <!-- tests.GroupsTest -->
